app/build/intermediates/manifest_merge_blame_file/debug/manifest-merger-blame-debug-report.txt
1<?xml version="1.0" encoding="utf-8"?>
2<manifest xmlns:android="http://schemas.android.com/apk/res/android"
3    package="com.mickstarify.zooforzotero"
4    android:versionCode="35"
5    android:versionName="2.5" >
6
7    <uses-sdk
8        android:minSdkVersion="21"
8-->src\main\AndroidManifest.xml
9        android:targetSdkVersion="29" />
9-->src\main\AndroidManifest.xml
10
11    <uses-permission android:name="android.permission.ACCESS_NETWORK_STATE" />
11-->src\main\AndroidManifest.xml:5:5-79
11-->src\main\AndroidManifest.xml:5:22-76
12    <uses-permission android:name="android.permission.READ_EXTERNAL_STORAGE" />
12-->src\main\AndroidManifest.xml:6:5-80
12-->src\main\AndroidManifest.xml:6:22-77
13    <uses-permission android:name="android.permission.WRITE_EXTERNAL_STORAGE" />
13-->src\main\AndroidManifest.xml:7:5-81
13-->src\main\AndroidManifest.xml:7:22-78
14    <uses-permission android:name="android.permission.INTERNET" />
14-->src\main\AndroidManifest.xml:8:5-67
14-->src\main\AndroidManifest.xml:8:22-64
15    <uses-permission android:name="android.permission.ACCESS_WIFI_STATE" /> <!-- To allow starting foreground services on Android P+ - https://developer.android.com/preview/behavior-changes#fg-svc -->
15-->[com.facebook.flipper:flipper:0.30.1] AndroidManifest.xml:16:5-76
15-->[com.facebook.flipper:flipper:0.30.1] AndroidManifest.xml:16:22-73
16    <uses-permission android:name="android.permission.FOREGROUND_SERVICE" />
16-->[com.squareup.leakcanary:leakcanary-android-core:2.0] AndroidManifest.xml:26:5-77
16-->[com.squareup.leakcanary:leakcanary-android-core:2.0] AndroidManifest.xml:26:22-74
17
18    <application
18-->src\main\AndroidManifest.xml:10:5-128:19
19        android:name="com.mickstarify.zooforzotero.ZooForZoteroApplication"
19-->src\main\AndroidManifest.xml:11:9-48
20        android:allowBackup="true"
20-->src\main\AndroidManifest.xml:12:9-35
21        android:appComponentFactory="androidx.core.app.CoreComponentFactory"
21-->[androidx.core:core:1.2.0] AndroidManifest.xml:24:18-86
22        android:debuggable="true"
23        android:fullBackupContent="@xml/backup_rules"
23-->src\main\AndroidManifest.xml:13:9-54
24        android:icon="@mipmap/icon"
24-->src\main\AndroidManifest.xml:14:9-36
25        android:label="@string/app_name"
25-->src\main\AndroidManifest.xml:15:9-41
26        android:largeHeap="true"
26-->src\main\AndroidManifest.xml:20:9-33
27        android:roundIcon="@mipmap/icon_round"
27-->src\main\AndroidManifest.xml:16:9-47
28        android:supportsRtl="true"
28-->src\main\AndroidManifest.xml:17:9-35
29        android:testOnly="true"
30        android:theme="@style/AppTheme"
30-->src\main\AndroidManifest.xml:18:9-40
31        android:usesCleartextTraffic="true" >
31-->src\main\AndroidManifest.xml:19:9-44
32        <activity
32-->src\main\AndroidManifest.xml:21:9-29:20
33            android:name="com.mickstarify.zooforzotero.AttachmentManager.AttachmentManager"
33-->src\main\AndroidManifest.xml:22:13-64
34            android:label="@string/title_activity_attachment_manager"
34-->src\main\AndroidManifest.xml:23:13-70
35            android:parentActivityName="com.mickstarify.zooforzotero.LibraryActivity.LibraryActivity"
35-->src\main\AndroidManifest.xml:24:13-74
36            android:theme="@style/AppTheme.NoActionBar" >
36-->src\main\AndroidManifest.xml:25:13-56
37            <meta-data
37-->src\main\AndroidManifest.xml:26:13-28:96
38                android:name="android.support.PARENT_ACTIVITY"
38-->src\main\AndroidManifest.xml:27:17-63
39                android:value="com.mickstarify.zooforzotero.LibraryActivity.LibraryActivity" />
39-->src\main\AndroidManifest.xml:28:17-93
40        </activity>
41        <activity
41-->src\main\AndroidManifest.xml:30:9-38:20
42            android:name="com.mickstarify.zooforzotero.LibraryActivity.WebDAV.WebDAVSetup"
42-->src\main\AndroidManifest.xml:31:13-63
43            android:label="@string/title_activity_web_davsetup"
43-->src\main\AndroidManifest.xml:32:13-64
44            android:parentActivityName="com.mickstarify.zooforzotero.LibraryActivity.LibraryActivity"
44-->src\main\AndroidManifest.xml:33:13-74
45            android:theme="@style/AppTheme.NoActionBar" >
45-->src\main\AndroidManifest.xml:34:13-56
46            <meta-data
46-->src\main\AndroidManifest.xml:26:13-28:96
47                android:name="android.support.PARENT_ACTIVITY"
47-->src\main\AndroidManifest.xml:27:17-63
48                android:value="com.mickstarify.zooforzotero.LibraryActivity.LibraryActivity" />
48-->src\main\AndroidManifest.xml:28:17-93
49        </activity>
50        <activity
50-->src\main\AndroidManifest.xml:39:9-46:20
51            android:name="com.mickstarify.zooforzotero.SettingsActivity"
51-->src\main\AndroidManifest.xml:40:13-45
52            android:label="@string/title_activity_settings"
52-->src\main\AndroidManifest.xml:41:13-60
53            android:parentActivityName="com.mickstarify.zooforzotero.LibraryActivity.LibraryActivity" >
53-->src\main\AndroidManifest.xml:42:13-74
54            <meta-data
54-->src\main\AndroidManifest.xml:26:13-28:96
55                android:name="android.support.PARENT_ACTIVITY"
55-->src\main\AndroidManifest.xml:27:17-63
56                android:value="com.mickstarify.zooforzotero.LibraryActivity.LibraryActivity" />
56-->src\main\AndroidManifest.xml:28:17-93
57        </activity>
58
59        <uses-library
59-->src\main\AndroidManifest.xml:48:9-50:40
60            android:name="org.apache.http.legacy"
60-->src\main\AndroidManifest.xml:49:13-50
61            android:required="false" />
61-->src\main\AndroidManifest.xml:50:13-37
62
63        <meta-data
63-->src\main\AndroidManifest.xml:52:9-54:70
64            android:name="android.app.default_searchable"
64-->src\main\AndroidManifest.xml:53:13-58
65            android:value=".LibraryActivity.SearchResultsActivity" />
65-->src\main\AndroidManifest.xml:54:13-67
66
67        <activity
67-->src\main\AndroidManifest.xml:56:9-66:20
68            android:name="com.mickstarify.zooforzotero.LibraryActivity.SearchResultsActivity"
68-->src\main\AndroidManifest.xml:57:13-66
69            android:launchMode="singleTop" >
69-->src\main\AndroidManifest.xml:58:13-43
70            <intent-filter>
70-->src\main\AndroidManifest.xml:59:13-61:29
71                <action android:name="android.intent.action.SEARCH" />
71-->src\main\AndroidManifest.xml:60:17-71
71-->src\main\AndroidManifest.xml:60:25-68
72            </intent-filter>
73
74            <meta-data
74-->src\main\AndroidManifest.xml:63:13-65:54
75                android:name="android.app.searchable"
75-->src\main\AndroidManifest.xml:64:17-54
76                android:resource="@xml/searchable" />
76-->src\main\AndroidManifest.xml:65:17-51
77        </activity>
78        <activity
78-->src\main\AndroidManifest.xml:67:9-81:20
79            android:name="com.mickstarify.zooforzotero.LibraryActivity.LibraryActivity"
79-->src\main\AndroidManifest.xml:68:13-60
80            android:label="@string/title_activity_library"
80-->src\main\AndroidManifest.xml:69:13-59
81            android:launchMode="singleInstance"
81-->src\main\AndroidManifest.xml:70:13-48
82            android:theme="@style/AppTheme.NoActionBar" >
82-->src\main\AndroidManifest.xml:71:13-56
83            <meta-data
83-->src\main\AndroidManifest.xml:63:13-65:54
84                android:name="android.app.searchable"
84-->src\main\AndroidManifest.xml:64:17-54
85                android:resource="@xml/searchable" />
85-->src\main\AndroidManifest.xml:65:17-51
86
87            <intent-filter>
87-->src\main\AndroidManifest.xml:76:13-80:29
88                <action android:name="com.mickstarify.zooforzotero.intent.action.LIBRARY_FILTER_INTENT" />
88-->src\main\AndroidManifest.xml:77:17-107
88-->src\main\AndroidManifest.xml:77:25-104
89
90                <category android:name="android.intent.category.DEFAULT" />
90-->src\main\AndroidManifest.xml:79:17-76
90-->src\main\AndroidManifest.xml:79:27-73
91            </intent-filter>
92        </activity>
93        <activity
93-->src\main\AndroidManifest.xml:82:9-102:20
94            android:name="com.mickstarify.zooforzotero.SyncSetup.ZoteroAPISetup.ZoteroAPISetup"
94-->src\main\AndroidManifest.xml:83:13-68
95            android:label="@string/title_activity_zotero_api_setup"
95-->src\main\AndroidManifest.xml:84:13-68
96            android:launchMode="singleInstance"
96-->src\main\AndroidManifest.xml:85:13-48
97            android:parentActivityName="com.mickstarify.zooforzotero.SyncSetup.SyncSetupView"
97-->src\main\AndroidManifest.xml:86:13-66
98            android:theme="@style/AppTheme.NoActionBar" >
98-->src\main\AndroidManifest.xml:87:13-56
99            <meta-data
99-->src\main\AndroidManifest.xml:26:13-28:96
100                android:name="android.support.PARENT_ACTIVITY"
100-->src\main\AndroidManifest.xml:27:17-63
101                android:value="com.mickstarify.zooforzotero.SyncSetup.SyncSetupView" />
101-->src\main\AndroidManifest.xml:28:17-93
102
103            <intent-filter>
103-->src\main\AndroidManifest.xml:92:13-101:29
104                <action android:name="android.intent.action.VIEW" />
104-->src\main\AndroidManifest.xml:93:17-69
104-->src\main\AndroidManifest.xml:93:25-66
105
106                <category android:name="android.intent.category.DEFAULT" />
106-->src\main\AndroidManifest.xml:79:17-76
106-->src\main\AndroidManifest.xml:79:27-73
107                <category android:name="android.intent.category.BROWSABLE" />
107-->src\main\AndroidManifest.xml:96:17-78
107-->src\main\AndroidManifest.xml:96:27-75
108
109                <data
109-->src\main\AndroidManifest.xml:98:17-100:53
110                    android:host="oauth_callback"
110-->src\main\AndroidManifest.xml:99:21-50
111                    android:scheme="zooforzotero" />
111-->src\main\AndroidManifest.xml:100:21-50
112            </intent-filter>
113        </activity>
114        <activity
114-->src\main\AndroidManifest.xml:103:9-106:59
115            android:name="com.mickstarify.zooforzotero.SyncSetup.SyncSetupView"
115-->src\main\AndroidManifest.xml:104:13-52
116            android:label="@string/title_activity_sync_setup"
116-->src\main\AndroidManifest.xml:105:13-62
117            android:theme="@style/AppTheme.NoActionBar" />
117-->src\main\AndroidManifest.xml:106:13-56
118        <activity android:name="com.mickstarify.zooforzotero.MainActivity" >
118-->src\main\AndroidManifest.xml:107:9-113:20
118-->src\main\AndroidManifest.xml:107:19-47
119            <intent-filter>
119-->src\main\AndroidManifest.xml:108:13-112:29
120                <action android:name="android.intent.action.MAIN" />
120-->src\main\AndroidManifest.xml:109:17-69
120-->src\main\AndroidManifest.xml:109:25-66
121
122                <category android:name="android.intent.category.LAUNCHER" />
122-->src\main\AndroidManifest.xml:111:17-77
122-->src\main\AndroidManifest.xml:111:27-74
123            </intent-filter>
124        </activity>
125
126        <provider
126-->src\main\AndroidManifest.xml:115:9-123:20
127            android:name="androidx.core.content.FileProvider"
127-->src\main\AndroidManifest.xml:116:13-62
128            android:authorities="com.mickstarify.zooforzotero.fileprovider"
128-->src\main\AndroidManifest.xml:117:13-76
129            android:exported="false"
129-->src\main\AndroidManifest.xml:118:13-37
130            android:grantUriPermissions="true" >
130-->src\main\AndroidManifest.xml:119:13-47
131            <meta-data
131-->src\main\AndroidManifest.xml:120:13-122:54
132                android:name="android.support.FILE_PROVIDER_PATHS"
132-->src\main\AndroidManifest.xml:121:17-67
133                android:resource="@xml/file_paths" />
133-->src\main\AndroidManifest.xml:122:17-51
134        </provider>
135
136        <activity
136-->src\main\AndroidManifest.xml:125:9-127:39
137            android:name="com.facebook.flipper.android.diagnostics.FlipperDiagnosticActivity"
137-->src\main\AndroidManifest.xml:126:13-94
138            android:exported="true" />
138-->src\main\AndroidManifest.xml:127:13-36
139
140        <service
140-->[com.squareup.leakcanary:leakcanary-android:2.0] AndroidManifest.xml:23:9-25:40
141            android:name="leakcanary.internal.HeapAnalyzerService"
141-->[com.squareup.leakcanary:leakcanary-android:2.0] AndroidManifest.xml:24:13-67
142            android:exported="false" />
142-->[com.squareup.leakcanary:leakcanary-android:2.0] AndroidManifest.xml:25:13-37
143        <service
143-->[androidx.room:room-runtime:2.2.4] AndroidManifest.xml:25:9-27:40
144            android:name="androidx.room.MultiInstanceInvalidationService"
144-->[androidx.room:room-runtime:2.2.4] AndroidManifest.xml:26:13-74
145            android:exported="false" />
145-->[androidx.room:room-runtime:2.2.4] AndroidManifest.xml:27:13-37
146
147        <provider
147-->[com.squareup.leakcanary:leakcanary-android-core:2.0] AndroidManifest.xml:29:9-37:20
148            android:name="leakcanary.internal.LeakCanaryFileProvider"
148-->[com.squareup.leakcanary:leakcanary-android-core:2.0] AndroidManifest.xml:30:13-70
149            android:authorities="com.squareup.leakcanary.fileprovider.com.mickstarify.zooforzotero"
149-->[com.squareup.leakcanary:leakcanary-android-core:2.0] AndroidManifest.xml:31:13-88
150            android:exported="false"
150-->[com.squareup.leakcanary:leakcanary-android-core:2.0] AndroidManifest.xml:32:13-37
151            android:grantUriPermissions="true" >
151-->[com.squareup.leakcanary:leakcanary-android-core:2.0] AndroidManifest.xml:33:13-47
152            <meta-data
152-->src\main\AndroidManifest.xml:120:13-122:54
153                android:name="android.support.FILE_PROVIDER_PATHS"
153-->src\main\AndroidManifest.xml:121:17-67
154                android:resource="@xml/leak_canary_file_paths" />
154-->src\main\AndroidManifest.xml:122:17-51
155        </provider>
156
157        <activity
157-->[com.squareup.leakcanary:leakcanary-android-core:2.0] AndroidManifest.xml:39:9-44:66
158            android:name="leakcanary.internal.activity.LeakActivity"
158-->[com.squareup.leakcanary:leakcanary-android-core:2.0] AndroidManifest.xml:40:13-69
159            android:icon="@mipmap/leak_canary_icon"
159-->[com.squareup.leakcanary:leakcanary-android-core:2.0] AndroidManifest.xml:41:13-52
160            android:label="@string/leak_canary_display_activity_label"
160-->[com.squareup.leakcanary:leakcanary-android-core:2.0] AndroidManifest.xml:42:13-71
161            android:taskAffinity="com.squareup.leakcanary.com.mickstarify.zooforzotero"
161-->[com.squareup.leakcanary:leakcanary-android-core:2.0] AndroidManifest.xml:43:13-76
162            android:theme="@style/leak_canary_LeakCanary.Base" />
162-->[com.squareup.leakcanary:leakcanary-android-core:2.0] AndroidManifest.xml:44:13-63
163
164        <activity-alias
164-->[com.squareup.leakcanary:leakcanary-android-core:2.0] AndroidManifest.xml:46:9-59:26
165            android:name="leakcanary.internal.activity.LeakLauncherActivity"
165-->[com.squareup.leakcanary:leakcanary-android-core:2.0] AndroidManifest.xml:47:13-77
166            android:enabled="@bool/leak_canary_add_launcher_icon"
166-->[com.squareup.leakcanary:leakcanary-android-core:2.0] AndroidManifest.xml:48:13-66
167            android:icon="@mipmap/leak_canary_icon"
167-->[com.squareup.leakcanary:leakcanary-android-core:2.0] AndroidManifest.xml:49:13-52
168            android:label="@string/leak_canary_display_activity_label"
168-->[com.squareup.leakcanary:leakcanary-android-core:2.0] AndroidManifest.xml:50:13-71
169            android:targetActivity="leakcanary.internal.activity.LeakActivity"
169-->[com.squareup.leakcanary:leakcanary-android-core:2.0] AndroidManifest.xml:51:13-79
170            android:taskAffinity="com.squareup.leakcanary.com.mickstarify.zooforzotero"
170-->[com.squareup.leakcanary:leakcanary-android-core:2.0] AndroidManifest.xml:52:13-76
171            android:theme="@style/leak_canary_LeakCanary.Base" >
171-->[com.squareup.leakcanary:leakcanary-android-core:2.0] AndroidManifest.xml:53:13-63
172            <intent-filter>
172-->src\main\AndroidManifest.xml:108:13-112:29
173                <action android:name="android.intent.action.MAIN" />
173-->src\main\AndroidManifest.xml:109:17-69
173-->src\main\AndroidManifest.xml:109:25-66
174
175                <category android:name="android.intent.category.LAUNCHER" />
175-->src\main\AndroidManifest.xml:111:17-77
175-->src\main\AndroidManifest.xml:111:27-74
176            </intent-filter>
177        </activity-alias>
178
179        <activity
179-->[com.squareup.leakcanary:leakcanary-android-core:2.0] AndroidManifest.xml:61:9-67:68
180            android:name="leakcanary.internal.RequestStoragePermissionActivity"
180-->[com.squareup.leakcanary:leakcanary-android-core:2.0] AndroidManifest.xml:62:13-80
181            android:excludeFromRecents="true"
181-->[com.squareup.leakcanary:leakcanary-android-core:2.0] AndroidManifest.xml:63:13-46
182            android:icon="@mipmap/leak_canary_icon"
182-->[com.squareup.leakcanary:leakcanary-android-core:2.0] AndroidManifest.xml:64:13-52
183            android:label="@string/leak_canary_storage_permission_activity_label"
183-->[com.squareup.leakcanary:leakcanary-android-core:2.0] AndroidManifest.xml:65:13-82
184            android:taskAffinity="com.squareup.leakcanary.com.mickstarify.zooforzotero"
184-->[com.squareup.leakcanary:leakcanary-android-core:2.0] AndroidManifest.xml:66:13-76
185            android:theme="@style/leak_canary_Theme.Transparent" />
185-->[com.squareup.leakcanary:leakcanary-android-core:2.0] AndroidManifest.xml:67:13-65
186
187        <receiver android:name="leakcanary.internal.NotificationReceiver" />
187-->[com.squareup.leakcanary:leakcanary-android-core:2.0] AndroidManifest.xml:69:9-77
187-->[com.squareup.leakcanary:leakcanary-android-core:2.0] AndroidManifest.xml:69:19-74
188
189        <provider
189-->[com.squareup.leakcanary:leakcanary-object-watcher-android:2.0] AndroidManifest.xml:8:9-11:40
190            android:name="leakcanary.internal.AppWatcherInstaller$MainProcess"
190-->[com.squareup.leakcanary:leakcanary-object-watcher-android:2.0] AndroidManifest.xml:9:13-79
191            android:authorities="com.mickstarify.zooforzotero.leakcanary-installer"
191-->[com.squareup.leakcanary:leakcanary-object-watcher-android:2.0] AndroidManifest.xml:10:13-72
192            android:exported="false" />
192-->[com.squareup.leakcanary:leakcanary-object-watcher-android:2.0] AndroidManifest.xml:11:13-37
193    </application>
194
195</manifest>